<?xml version="1.0" encoding="UTF-8"?>
<!-- Generated by org.testng.reporters.JUnitXMLReporter -->
<testsuite ignored="10" hostname="AS-40" failures="2" tests="30" name="Test" time="87.435" errors="0" timestamp="2023-05-11T20:11:38 AST">
  <testcase classname="automation.testcases.HomePageTest" name="setup" time="21.782">
    <failure type="org.openqa.selenium.TimeoutException" message="timeout: Timed out receiving message from renderer: 6.693
  (Session info: chrome=112.0.5615.140)
Build info: version: &amp;apos;3.141.59&amp;apos;, revision: &amp;apos;e82be7d358&amp;apos;, time: &amp;apos;2018-11-14T08:17:03&amp;apos;
System info: host: &amp;apos;AS-40&amp;apos;, ip: &amp;apos;192.168.251.40&amp;apos;, os.name: &amp;apos;Windows 10&amp;apos;, os.arch: &amp;apos;amd64&amp;apos;, os.version: &amp;apos;10.0&amp;apos;, java.version: &amp;apos;15.0.2&amp;apos;
Driver info: org.openqa.selenium.chrome.ChromeDriver
Capabilities {acceptInsecureCerts: false, browserName: chrome, browserVersion: 112.0.5615.140, chrome: {chromedriverVersion: 112.0.5615.49 (bd2a7bcb881c..., userDataDir: C:\Users\amira\AppData\Loca...}, goog:chromeOptions: {debuggerAddress: localhost:62113}, javascriptEnabled: true, networkConnectionEnabled: false, pageLoadStrategy: normal, platform: WINDOWS, platformName: WINDOWS, proxy: Proxy(), setWindowRect: true, strictFileInteractability: false, timeouts: {implicit: 0, pageLoad: 300000, script: 30000}, unhandledPromptBehavior: dismiss and notify, webauthn:extension:credBlob: true, webauthn:extension:largeBlob: true, webauthn:extension:minPinLength: true, webauthn:extension:prf: true, webauthn:virtualAuthenticators: true}
Session ID: 07098a3138a0b4067132539d2f2aed88">
      <![CDATA[org.openqa.selenium.TimeoutException: timeout: Timed out receiving message from renderer: 6.693
  (Session info: chrome=112.0.5615.140)
Build info: version: '3.141.59', revision: 'e82be7d358', time: '2018-11-14T08:17:03'
System info: host: 'AS-40', ip: '192.168.251.40', os.name: 'Windows 10', os.arch: 'amd64', os.version: '10.0', java.version: '15.0.2'
Driver info: org.openqa.selenium.chrome.ChromeDriver
Capabilities {acceptInsecureCerts: false, browserName: chrome, browserVersion: 112.0.5615.140, chrome: {chromedriverVersion: 112.0.5615.49 (bd2a7bcb881c..., userDataDir: C:\Users\amira\AppData\Loca...}, goog:chromeOptions: {debuggerAddress: localhost:62113}, javascriptEnabled: true, networkConnectionEnabled: false, pageLoadStrategy: normal, platform: WINDOWS, platformName: WINDOWS, proxy: Proxy(), setWindowRect: true, strictFileInteractability: false, timeouts: {implicit: 0, pageLoad: 300000, script: 30000}, unhandledPromptBehavior: dismiss and notify, webauthn:extension:credBlob: true, webauthn:extension:largeBlob: true, webauthn:extension:minPinLength: true, webauthn:extension:prf: true, webauthn:virtualAuthenticators: true}
Session ID: 07098a3138a0b4067132539d2f2aed88
at org.openqa.selenium.remote.http.W3CHttpResponseCodec.createException(W3CHttpResponseCodec.java:187)
at org.openqa.selenium.remote.http.W3CHttpResponseCodec.decode(W3CHttpResponseCodec.java:122)
at org.openqa.selenium.remote.http.W3CHttpResponseCodec.decode(W3CHttpResponseCodec.java:49)
at org.openqa.selenium.remote.HttpCommandExecutor.execute(HttpCommandExecutor.java:158)
at org.openqa.selenium.remote.service.DriverCommandExecutor.execute(DriverCommandExecutor.java:83)
at org.openqa.selenium.remote.RemoteWebDriver.execute(RemoteWebDriver.java:552)
at org.openqa.selenium.remote.RemoteWebDriver.get(RemoteWebDriver.java:277)
at automation.base.BaseClass.launchApp(BaseClass.java:81)
at automation.testcases.HomePageTest.setup(HomePageTest.java:19)
at java.base/java.util.ArrayList.forEach(ArrayList.java:1511)
... Removed 32 stack frames]]>
    </failure>
  </testcase> <!-- setup -->
  <testcase classname="automation.testcases.HomePageTest" name="clickSignup" time="20.189">
    <failure type="org.openqa.selenium.TimeoutException" message="timeout: Timed out receiving message from renderer: 20.000
  (Session info: chrome=112.0.5615.140)
Build info: version: &amp;apos;3.141.59&amp;apos;, revision: &amp;apos;e82be7d358&amp;apos;, time: &amp;apos;2018-11-14T08:17:03&amp;apos;
System info: host: &amp;apos;AS-40&amp;apos;, ip: &amp;apos;192.168.251.40&amp;apos;, os.name: &amp;apos;Windows 10&amp;apos;, os.arch: &amp;apos;amd64&amp;apos;, os.version: &amp;apos;10.0&amp;apos;, java.version: &amp;apos;15.0.2&amp;apos;
Driver info: org.openqa.selenium.chrome.ChromeDriver
Capabilities {acceptInsecureCerts: false, browserName: chrome, browserVersion: 112.0.5615.140, chrome: {chromedriverVersion: 112.0.5615.49 (bd2a7bcb881c..., userDataDir: C:\Users\amira\AppData\Loca...}, goog:chromeOptions: {debuggerAddress: localhost:62113}, javascriptEnabled: true, networkConnectionEnabled: false, pageLoadStrategy: normal, platform: WINDOWS, platformName: WINDOWS, proxy: Proxy(), setWindowRect: true, strictFileInteractability: false, timeouts: {implicit: 0, pageLoad: 300000, script: 30000}, unhandledPromptBehavior: dismiss and notify, webauthn:extension:credBlob: true, webauthn:extension:largeBlob: true, webauthn:extension:minPinLength: true, webauthn:extension:prf: true, webauthn:virtualAuthenticators: true}
Session ID: 07098a3138a0b4067132539d2f2aed88">
      <![CDATA[org.openqa.selenium.TimeoutException: timeout: Timed out receiving message from renderer: 20.000
  (Session info: chrome=112.0.5615.140)
Build info: version: '3.141.59', revision: 'e82be7d358', time: '2018-11-14T08:17:03'
System info: host: 'AS-40', ip: '192.168.251.40', os.name: 'Windows 10', os.arch: 'amd64', os.version: '10.0', java.version: '15.0.2'
Driver info: org.openqa.selenium.chrome.ChromeDriver
Capabilities {acceptInsecureCerts: false, browserName: chrome, browserVersion: 112.0.5615.140, chrome: {chromedriverVersion: 112.0.5615.49 (bd2a7bcb881c..., userDataDir: C:\Users\amira\AppData\Loca...}, goog:chromeOptions: {debuggerAddress: localhost:62113}, javascriptEnabled: true, networkConnectionEnabled: false, pageLoadStrategy: normal, platform: WINDOWS, platformName: WINDOWS, proxy: Proxy(), setWindowRect: true, strictFileInteractability: false, timeouts: {implicit: 0, pageLoad: 300000, script: 30000}, unhandledPromptBehavior: dismiss and notify, webauthn:extension:credBlob: true, webauthn:extension:largeBlob: true, webauthn:extension:minPinLength: true, webauthn:extension:prf: true, webauthn:virtualAuthenticators: true}
Session ID: 07098a3138a0b4067132539d2f2aed88
at org.openqa.selenium.remote.http.W3CHttpResponseCodec.createException(W3CHttpResponseCodec.java:187)
at org.openqa.selenium.remote.http.W3CHttpResponseCodec.decode(W3CHttpResponseCodec.java:122)
at org.openqa.selenium.remote.http.W3CHttpResponseCodec.decode(W3CHttpResponseCodec.java:49)
at org.openqa.selenium.remote.HttpCommandExecutor.execute(HttpCommandExecutor.java:158)
at org.openqa.selenium.remote.service.DriverCommandExecutor.execute(DriverCommandExecutor.java:83)
at org.openqa.selenium.remote.RemoteWebDriver.execute(RemoteWebDriver.java:552)
at org.openqa.selenium.remote.RemoteWebDriver.perform(RemoteWebDriver.java:618)
at org.openqa.selenium.interactions.Actions$BuiltAction.perform(Actions.java:639)
at automation.actiondriver.Action.click(Action.java:49)
at automation.pageobjects.HomePage.signup(HomePage.java:29)
at automation.testcases.HomePageTest.clickSignup(HomePageTest.java:26)
at java.base/java.util.ArrayList.forEach(ArrayList.java:1511)
... Removed 32 stack frames]]>
    </failure>
  </testcase> <!-- clickSignup -->
  <testcase classname="automation.testcases.SignupPageTest" name="CreateRandomData" time="0.588"/>
  <testcase classname="automation.testcases.SignupPageTest" name="addname" time="0.111"/>
  <testcase classname="automation.testcases.SignupPageTest" name="addEmail" time="0.101"/>
  <testcase classname="automation.testcases.SignupPageTest" name="Click_signup_Button" time="9.786"/>
  <testcase classname="automation.testcases.RegisterTest" name="validateTextisDisplayed" time="0.063"/>
  <testcase classname="automation.testcases.RegisterTest" name="selectTitle" time="0.128"/>
  <testcase classname="automation.testcases.RegisterTest" name="insertpassword" time="0.099"/>
  <testcase classname="automation.testcases.RegisterTest" name="selectDay" time="0.068"/>
  <testcase classname="automation.testcases.RegisterTest" name="selectMonth" time="0.083"/>
  <testcase classname="automation.testcases.RegisterTest" name="selectYear" time="0.103"/>
  <testcase classname="automation.testcases.RegisterTest" name="checkNewsletter" time="0.154"/>
  <testcase classname="automation.testcases.RegisterTest" name="checkOptin" time="0.145"/>
  <testcase classname="automation.testcases.RegisterTest" name="scrollAction" time="0.012"/>
  <testcase classname="automation.testcases.AddressDetailsTest" name="insertFirstname" time="0.082"/>
  <testcase classname="automation.testcases.AddressDetailsTest" name="insertLastname" time="0.079"/>
  <testcase classname="automation.testcases.AddressDetailsTest" name="insertCompany" time="0.093"/>
  <testcase classname="automation.testcases.AddressDetailsTest" name="insertprimaryAddress" time="0.077"/>
  <testcase classname="automation.testcases.AddressDetailsTest" name="insertSecondaryAddress" time="0.089"/>
  <testcase classname="automation.testcases.AddressDetailsTest" name="insertCounrty" time="0.039"/>
  <testcase classname="automation.testcases.AddressDetailsTest" name="insertState" time="0.085"/>
  <testcase classname="automation.testcases.AddressDetailsTest" name="insertCity" time="0.089"/>
  <testcase classname="automation.testcases.AddressDetailsTest" name="insertZipcode" time="0.085"/>
  <testcase classname="automation.testcases.AddressDetailsTest" name="insertMobile_Number" time="0.083"/>
  <testcase classname="automation.testcases.AddressDetailsTest" name="CreateAccount" time="11.612"/>
  <testcase classname="automation.testcases.ConfirmCreateadaccountTest" name="VerifyTextisvisable" time="0.099"/>
  <testcase classname="automation.testcases.ConfirmCreateadaccountTest" name="Contiune" time="15.039"/>
  <testcase classname="automation.testcases.ConfirmLoggedaccountTest" name="VerifyTextisvisable" time="0.059"/>
  <testcase classname="automation.testcases.ConfirmLoggedaccountTest" name="Contiune" time="1.094"/>
  <testcase classname="automation.base.BaseClass" name="@AfterSuite afterSuite" time="0.0">
    <ignored/>
  </testcase> <!-- @AfterSuite afterSuite -->
  <testcase classname="automation.base.BaseClass" name="@AfterSuite afterSuite" time="0.0">
    <ignored/>
  </testcase> <!-- @AfterSuite afterSuite -->
  <testcase classname="automation.base.BaseClass" name="@AfterSuite afterSuite" time="0.0">
    <ignored/>
  </testcase> <!-- @AfterSuite afterSuite -->
  <testcase classname="automation.base.BaseClass" name="@AfterSuite afterSuite" time="0.0">
    <ignored/>
  </testcase> <!-- @AfterSuite afterSuite -->
  <testcase classname="automation.base.BaseClass" name="@AfterSuite afterSuite" time="0.0">
    <ignored/>
  </testcase> <!-- @AfterSuite afterSuite -->
  <testcase classname="automation.base.BaseClass" name="@BeforeSuite loadConfig" time="0.0">
    <ignored/>
  </testcase> <!-- @BeforeSuite loadConfig -->
  <testcase classname="automation.base.BaseClass" name="@BeforeSuite loadConfig" time="0.0">
    <ignored/>
  </testcase> <!-- @BeforeSuite loadConfig -->
  <testcase classname="automation.base.BaseClass" name="@BeforeSuite loadConfig" time="0.0">
    <ignored/>
  </testcase> <!-- @BeforeSuite loadConfig -->
  <testcase classname="automation.base.BaseClass" name="@BeforeSuite loadConfig" time="0.0">
    <ignored/>
  </testcase> <!-- @BeforeSuite loadConfig -->
  <testcase classname="automation.base.BaseClass" name="@BeforeSuite loadConfig" time="0.0">
    <ignored/>
  </testcase> <!-- @BeforeSuite loadConfig -->
</testsuite> <!-- Test -->
