<?xml version="1.0" encoding="UTF-8"?>
<testng-results ignored="10" total="40" passed="28" failed="2" skipped="0">
  <reporter-output>
  </reporter-output>
  <suite started-at="2023-05-11T20:10:10 AST" name="Suite" finished-at="2023-05-11T20:11:38 AST" duration-ms="87435">
    <groups>
    </groups>
    <test started-at="2023-05-11T20:10:10 AST" name="Test" finished-at="2023-05-11T20:11:38 AST" duration-ms="87435">
      <class name="automation.testcases.HomePageTest">
        <test-method is-config="true" signature="loadConfig()[pri:0, instance:automation.testcases.HomePageTest@77eca502]" started-at="2023-05-11T20:10:10 AST" name="loadConfig" finished-at="2023-05-11T20:10:10 AST" duration-ms="178" status="PASS">
          <reporter-output>
          </reporter-output>
        </test-method> <!-- loadConfig -->
        <test-method signature="setup(java.lang.String)[pri:1, instance:automation.testcases.HomePageTest@77eca502]" started-at="2023-05-11T20:10:10 AST" name="setup" finished-at="2023-05-11T20:10:32 AST" duration-ms="21782" status="FAIL">
          <params>
            <param index="0">
              <value>
                <![CDATA[chrome]]>
              </value>
            </param>
          </params>
          <exception class="org.openqa.selenium.TimeoutException">
            <message>
              <![CDATA[timeout: Timed out receiving message from renderer: 6.693
  (Session info: chrome=112.0.5615.140)
Build info: version: '3.141.59', revision: 'e82be7d358', time: '2018-11-14T08:17:03'
System info: host: 'AS-40', ip: '192.168.251.40', os.name: 'Windows 10', os.arch: 'amd64', os.version: '10.0', java.version: '15.0.2'
Driver info: org.openqa.selenium.chrome.ChromeDriver
Capabilities {acceptInsecureCerts: false, browserName: chrome, browserVersion: 112.0.5615.140, chrome: {chromedriverVersion: 112.0.5615.49 (bd2a7bcb881c..., userDataDir: C:\Users\amira\AppData\Loca...}, goog:chromeOptions: {debuggerAddress: localhost:62113}, javascriptEnabled: true, networkConnectionEnabled: false, pageLoadStrategy: normal, platform: WINDOWS, platformName: WINDOWS, proxy: Proxy(), setWindowRect: true, strictFileInteractability: false, timeouts: {implicit: 0, pageLoad: 300000, script: 30000}, unhandledPromptBehavior: dismiss and notify, webauthn:extension:credBlob: true, webauthn:extension:largeBlob: true, webauthn:extension:minPinLength: true, webauthn:extension:prf: true, webauthn:virtualAuthenticators: true}
Session ID: 07098a3138a0b4067132539d2f2aed88]]>
            </message>
            <full-stacktrace>
              <![CDATA[org.openqa.selenium.TimeoutException: timeout: Timed out receiving message from renderer: 6.693
  (Session info: chrome=112.0.5615.140)
Build info: version: '3.141.59', revision: 'e82be7d358', time: '2018-11-14T08:17:03'
System info: host: 'AS-40', ip: '192.168.251.40', os.name: 'Windows 10', os.arch: 'amd64', os.version: '10.0', java.version: '15.0.2'
Driver info: org.openqa.selenium.chrome.ChromeDriver
Capabilities {acceptInsecureCerts: false, browserName: chrome, browserVersion: 112.0.5615.140, chrome: {chromedriverVersion: 112.0.5615.49 (bd2a7bcb881c..., userDataDir: C:\Users\amira\AppData\Loca...}, goog:chromeOptions: {debuggerAddress: localhost:62113}, javascriptEnabled: true, networkConnectionEnabled: false, pageLoadStrategy: normal, platform: WINDOWS, platformName: WINDOWS, proxy: Proxy(), setWindowRect: true, strictFileInteractability: false, timeouts: {implicit: 0, pageLoad: 300000, script: 30000}, unhandledPromptBehavior: dismiss and notify, webauthn:extension:credBlob: true, webauthn:extension:largeBlob: true, webauthn:extension:minPinLength: true, webauthn:extension:prf: true, webauthn:virtualAuthenticators: true}
Session ID: 07098a3138a0b4067132539d2f2aed88
at java.base/jdk.internal.reflect.NativeConstructorAccessorImpl.newInstance0(Native Method)
at java.base/jdk.internal.reflect.NativeConstructorAccessorImpl.newInstance(NativeConstructorAccessorImpl.java:64)
at java.base/jdk.internal.reflect.DelegatingConstructorAccessorImpl.newInstance(DelegatingConstructorAccessorImpl.java:45)
at java.base/java.lang.reflect.Constructor.newInstanceWithCaller(Constructor.java:500)
at java.base/java.lang.reflect.Constructor.newInstance(Constructor.java:481)
at org.openqa.selenium.remote.http.W3CHttpResponseCodec.createException(W3CHttpResponseCodec.java:187)
at org.openqa.selenium.remote.http.W3CHttpResponseCodec.decode(W3CHttpResponseCodec.java:122)
at org.openqa.selenium.remote.http.W3CHttpResponseCodec.decode(W3CHttpResponseCodec.java:49)
at org.openqa.selenium.remote.HttpCommandExecutor.execute(HttpCommandExecutor.java:158)
at org.openqa.selenium.remote.service.DriverCommandExecutor.execute(DriverCommandExecutor.java:83)
at org.openqa.selenium.remote.RemoteWebDriver.execute(RemoteWebDriver.java:552)
at org.openqa.selenium.remote.RemoteWebDriver.get(RemoteWebDriver.java:277)
at automation.base.BaseClass.launchApp(BaseClass.java:81)
at automation.testcases.HomePageTest.setup(HomePageTest.java:19)
at java.base/jdk.internal.reflect.NativeMethodAccessorImpl.invoke0(Native Method)
at java.base/jdk.internal.reflect.NativeMethodAccessorImpl.invoke(NativeMethodAccessorImpl.java:64)
at java.base/jdk.internal.reflect.DelegatingMethodAccessorImpl.invoke(DelegatingMethodAccessorImpl.java:43)
at java.base/java.lang.reflect.Method.invoke(Method.java:564)
at org.testng.internal.MethodInvocationHelper.invokeMethod(MethodInvocationHelper.java:134)
at org.testng.internal.TestInvoker.invokeMethod(TestInvoker.java:597)
at org.testng.internal.TestInvoker.invokeTestMethod(TestInvoker.java:173)
at org.testng.internal.MethodRunner.runInSequence(MethodRunner.java:46)
at org.testng.internal.TestInvoker$MethodInvocationAgent.invoke(TestInvoker.java:816)
at org.testng.internal.TestInvoker.invokeTestMethods(TestInvoker.java:146)
at org.testng.internal.TestMethodWorker.invokeTestMethods(TestMethodWorker.java:146)
at org.testng.internal.TestMethodWorker.run(TestMethodWorker.java:128)
at java.base/java.util.ArrayList.forEach(ArrayList.java:1511)
at org.testng.TestRunner.privateRun(TestRunner.java:766)
at org.testng.TestRunner.run(TestRunner.java:587)
at org.testng.SuiteRunner.runTest(SuiteRunner.java:384)
at org.testng.SuiteRunner.runSequentially(SuiteRunner.java:378)
at org.testng.SuiteRunner.privateRun(SuiteRunner.java:337)
at org.testng.SuiteRunner.run(SuiteRunner.java:286)
at org.testng.SuiteRunnerWorker.runSuite(SuiteRunnerWorker.java:53)
at org.testng.SuiteRunnerWorker.run(SuiteRunnerWorker.java:96)
at org.testng.TestNG.runSuitesSequentially(TestNG.java:1187)
at org.testng.TestNG.runSuitesLocally(TestNG.java:1109)
at org.testng.TestNG.runSuites(TestNG.java:1039)
at org.testng.TestNG.run(TestNG.java:1007)
at org.testng.remote.AbstractRemoteTestNG.run(AbstractRemoteTestNG.java:115)
at org.testng.remote.RemoteTestNG.initAndRun(RemoteTestNG.java:251)
at org.testng.remote.RemoteTestNG.main(RemoteTestNG.java:77)
]]>
            </full-stacktrace>
          </exception> <!-- org.openqa.selenium.TimeoutException -->
          <reporter-output>
          </reporter-output>
        </test-method> <!-- setup -->
        <test-method signature="clickSignup()[pri:2, instance:automation.testcases.HomePageTest@77eca502]" started-at="2023-05-11T20:10:33 AST" name="clickSignup" finished-at="2023-05-11T20:10:53 AST" duration-ms="20189" status="FAIL">
          <exception class="org.openqa.selenium.TimeoutException">
            <message>
              <![CDATA[timeout: Timed out receiving message from renderer: 20.000
  (Session info: chrome=112.0.5615.140)
Build info: version: '3.141.59', revision: 'e82be7d358', time: '2018-11-14T08:17:03'
System info: host: 'AS-40', ip: '192.168.251.40', os.name: 'Windows 10', os.arch: 'amd64', os.version: '10.0', java.version: '15.0.2'
Driver info: org.openqa.selenium.chrome.ChromeDriver
Capabilities {acceptInsecureCerts: false, browserName: chrome, browserVersion: 112.0.5615.140, chrome: {chromedriverVersion: 112.0.5615.49 (bd2a7bcb881c..., userDataDir: C:\Users\amira\AppData\Loca...}, goog:chromeOptions: {debuggerAddress: localhost:62113}, javascriptEnabled: true, networkConnectionEnabled: false, pageLoadStrategy: normal, platform: WINDOWS, platformName: WINDOWS, proxy: Proxy(), setWindowRect: true, strictFileInteractability: false, timeouts: {implicit: 0, pageLoad: 300000, script: 30000}, unhandledPromptBehavior: dismiss and notify, webauthn:extension:credBlob: true, webauthn:extension:largeBlob: true, webauthn:extension:minPinLength: true, webauthn:extension:prf: true, webauthn:virtualAuthenticators: true}
Session ID: 07098a3138a0b4067132539d2f2aed88]]>
            </message>
            <full-stacktrace>
              <![CDATA[org.openqa.selenium.TimeoutException: timeout: Timed out receiving message from renderer: 20.000
  (Session info: chrome=112.0.5615.140)
Build info: version: '3.141.59', revision: 'e82be7d358', time: '2018-11-14T08:17:03'
System info: host: 'AS-40', ip: '192.168.251.40', os.name: 'Windows 10', os.arch: 'amd64', os.version: '10.0', java.version: '15.0.2'
Driver info: org.openqa.selenium.chrome.ChromeDriver
Capabilities {acceptInsecureCerts: false, browserName: chrome, browserVersion: 112.0.5615.140, chrome: {chromedriverVersion: 112.0.5615.49 (bd2a7bcb881c..., userDataDir: C:\Users\amira\AppData\Loca...}, goog:chromeOptions: {debuggerAddress: localhost:62113}, javascriptEnabled: true, networkConnectionEnabled: false, pageLoadStrategy: normal, platform: WINDOWS, platformName: WINDOWS, proxy: Proxy(), setWindowRect: true, strictFileInteractability: false, timeouts: {implicit: 0, pageLoad: 300000, script: 30000}, unhandledPromptBehavior: dismiss and notify, webauthn:extension:credBlob: true, webauthn:extension:largeBlob: true, webauthn:extension:minPinLength: true, webauthn:extension:prf: true, webauthn:virtualAuthenticators: true}
Session ID: 07098a3138a0b4067132539d2f2aed88
at java.base/jdk.internal.reflect.NativeConstructorAccessorImpl.newInstance0(Native Method)
at java.base/jdk.internal.reflect.NativeConstructorAccessorImpl.newInstance(NativeConstructorAccessorImpl.java:64)
at java.base/jdk.internal.reflect.DelegatingConstructorAccessorImpl.newInstance(DelegatingConstructorAccessorImpl.java:45)
at java.base/java.lang.reflect.Constructor.newInstanceWithCaller(Constructor.java:500)
at java.base/java.lang.reflect.Constructor.newInstance(Constructor.java:481)
at org.openqa.selenium.remote.http.W3CHttpResponseCodec.createException(W3CHttpResponseCodec.java:187)
at org.openqa.selenium.remote.http.W3CHttpResponseCodec.decode(W3CHttpResponseCodec.java:122)
at org.openqa.selenium.remote.http.W3CHttpResponseCodec.decode(W3CHttpResponseCodec.java:49)
at org.openqa.selenium.remote.HttpCommandExecutor.execute(HttpCommandExecutor.java:158)
at org.openqa.selenium.remote.service.DriverCommandExecutor.execute(DriverCommandExecutor.java:83)
at org.openqa.selenium.remote.RemoteWebDriver.execute(RemoteWebDriver.java:552)
at org.openqa.selenium.remote.RemoteWebDriver.perform(RemoteWebDriver.java:618)
at org.openqa.selenium.interactions.Actions$BuiltAction.perform(Actions.java:639)
at automation.actiondriver.Action.click(Action.java:49)
at automation.pageobjects.HomePage.signup(HomePage.java:29)
at automation.testcases.HomePageTest.clickSignup(HomePageTest.java:26)
at java.base/jdk.internal.reflect.NativeMethodAccessorImpl.invoke0(Native Method)
at java.base/jdk.internal.reflect.NativeMethodAccessorImpl.invoke(NativeMethodAccessorImpl.java:64)
at java.base/jdk.internal.reflect.DelegatingMethodAccessorImpl.invoke(DelegatingMethodAccessorImpl.java:43)
at java.base/java.lang.reflect.Method.invoke(Method.java:564)
at org.testng.internal.MethodInvocationHelper.invokeMethod(MethodInvocationHelper.java:134)
at org.testng.internal.TestInvoker.invokeMethod(TestInvoker.java:597)
at org.testng.internal.TestInvoker.invokeTestMethod(TestInvoker.java:173)
at org.testng.internal.MethodRunner.runInSequence(MethodRunner.java:46)
at org.testng.internal.TestInvoker$MethodInvocationAgent.invoke(TestInvoker.java:816)
at org.testng.internal.TestInvoker.invokeTestMethods(TestInvoker.java:146)
at org.testng.internal.TestMethodWorker.invokeTestMethods(TestMethodWorker.java:146)
at org.testng.internal.TestMethodWorker.run(TestMethodWorker.java:128)
at java.base/java.util.ArrayList.forEach(ArrayList.java:1511)
at org.testng.TestRunner.privateRun(TestRunner.java:766)
at org.testng.TestRunner.run(TestRunner.java:587)
at org.testng.SuiteRunner.runTest(SuiteRunner.java:384)
at org.testng.SuiteRunner.runSequentially(SuiteRunner.java:378)
at org.testng.SuiteRunner.privateRun(SuiteRunner.java:337)
at org.testng.SuiteRunner.run(SuiteRunner.java:286)
at org.testng.SuiteRunnerWorker.runSuite(SuiteRunnerWorker.java:53)
at org.testng.SuiteRunnerWorker.run(SuiteRunnerWorker.java:96)
at org.testng.TestNG.runSuitesSequentially(TestNG.java:1187)
at org.testng.TestNG.runSuitesLocally(TestNG.java:1109)
at org.testng.TestNG.runSuites(TestNG.java:1039)
at org.testng.TestNG.run(TestNG.java:1007)
at org.testng.remote.AbstractRemoteTestNG.run(AbstractRemoteTestNG.java:115)
at org.testng.remote.RemoteTestNG.initAndRun(RemoteTestNG.java:251)
at org.testng.remote.RemoteTestNG.main(RemoteTestNG.java:77)
]]>
            </full-stacktrace>
          </exception> <!-- org.openqa.selenium.TimeoutException -->
          <reporter-output>
          </reporter-output>
        </test-method> <!-- clickSignup -->
        <test-method is-config="true" signature="afterSuite()[pri:0, instance:automation.testcases.HomePageTest@77eca502]" started-at="2023-05-11T20:11:38 AST" name="afterSuite" finished-at="2023-05-11T20:11:39 AST" duration-ms="864" status="PASS">
          <reporter-output>
          </reporter-output>
        </test-method> <!-- afterSuite -->
      </class> <!-- automation.testcases.HomePageTest -->
      <class name="automation.testcases.ConfirmCreateadaccountTest">
        <test-method signature="VerifyTextisvisable()[pri:1, instance:automation.testcases.ConfirmCreateadaccountTest@73ee04c8]" started-at="2023-05-11T20:11:21 AST" name="VerifyTextisvisable" finished-at="2023-05-11T20:11:21 AST" duration-ms="99" status="PASS">
          <reporter-output>
          </reporter-output>
        </test-method> <!-- VerifyTextisvisable -->
        <test-method signature="Contiune()[pri:2, instance:automation.testcases.ConfirmCreateadaccountTest@73ee04c8]" started-at="2023-05-11T20:11:21 AST" name="Contiune" finished-at="2023-05-11T20:11:36 AST" duration-ms="15039" status="PASS">
          <reporter-output>
          </reporter-output>
        </test-method> <!-- Contiune -->
      </class> <!-- automation.testcases.ConfirmCreateadaccountTest -->
      <class name="automation.testcases.SignupPageTest">
        <test-method signature="CreateRandomData()[pri:1, instance:automation.testcases.SignupPageTest@3246fb96]" started-at="2023-05-11T20:10:53 AST" name="CreateRandomData" finished-at="2023-05-11T20:10:53 AST" duration-ms="588" status="PASS">
          <reporter-output>
          </reporter-output>
        </test-method> <!-- CreateRandomData -->
        <test-method signature="addname(java.lang.String, java.lang.String, java.lang.String, java.lang.String, java.lang.String, java.lang.String, java.lang.String, java.lang.String, java.lang.String, java.lang.String, java.lang.String, java.lang.String, java.lang.String)[pri:2, instance:automation.testcases.SignupPageTest@3246fb96]" started-at="2023-05-11T20:10:54 AST" name="addname" data-provider="Account" finished-at="2023-05-11T20:10:54 AST" duration-ms="111" status="PASS">
          <params>
            <param index="0">
              <value>
                <![CDATA[Zack]]>
              </value>
            </param>
            <param index="1">
              <value>
                <![CDATA[phyllis.moen@hotmail.com]]>
              </value>
            </param>
            <param index="2">
              <value>
                <![CDATA[mw234umm]]>
              </value>
            </param>
            <param index="3">
              <value>
                <![CDATA[Zack]]>
              </value>
            </param>
            <param index="4">
              <value>
                <![CDATA[Terry]]>
              </value>
            </param>
            <param index="5">
              <value>
                <![CDATA[Davis, Ratke and Hirthe]]>
              </value>
            </param>
            <param index="6">
              <value>
                <![CDATA[Hershel]]>
              </value>
            </param>
            <param index="7">
              <value>
                <![CDATA[Suite 065]]>
              </value>
            </param>
            <param index="8">
              <value>
                <![CDATA[Oslo]]>
              </value>
            </param>
            <param index="9">
              <value>
                <![CDATA[Indiana]]>
              </value>
            </param>
            <param index="10">
              <value>
                <![CDATA[Murrayberg]]>
              </value>
            </param>
            <param index="11">
              <value>
                <![CDATA[54714]]>
              </value>
            </param>
            <param index="12">
              <value>
                <![CDATA[(376) 333-5274]]>
              </value>
            </param>
          </params>
          <reporter-output>
          </reporter-output>
        </test-method> <!-- addname -->
        <test-method signature="addEmail(java.lang.String, java.lang.String, java.lang.String, java.lang.String, java.lang.String, java.lang.String, java.lang.String, java.lang.String, java.lang.String, java.lang.String, java.lang.String, java.lang.String, java.lang.String)[pri:3, instance:automation.testcases.SignupPageTest@3246fb96]" started-at="2023-05-11T20:10:54 AST" name="addEmail" data-provider="Account" finished-at="2023-05-11T20:10:54 AST" duration-ms="101" status="PASS">
          <params>
            <param index="0">
              <value>
                <![CDATA[Zack]]>
              </value>
            </param>
            <param index="1">
              <value>
                <![CDATA[phyllis.moen@hotmail.com]]>
              </value>
            </param>
            <param index="2">
              <value>
                <![CDATA[mw234umm]]>
              </value>
            </param>
            <param index="3">
              <value>
                <![CDATA[Zack]]>
              </value>
            </param>
            <param index="4">
              <value>
                <![CDATA[Terry]]>
              </value>
            </param>
            <param index="5">
              <value>
                <![CDATA[Davis, Ratke and Hirthe]]>
              </value>
            </param>
            <param index="6">
              <value>
                <![CDATA[Hershel]]>
              </value>
            </param>
            <param index="7">
              <value>
                <![CDATA[Suite 065]]>
              </value>
            </param>
            <param index="8">
              <value>
                <![CDATA[Oslo]]>
              </value>
            </param>
            <param index="9">
              <value>
                <![CDATA[Indiana]]>
              </value>
            </param>
            <param index="10">
              <value>
                <![CDATA[Murrayberg]]>
              </value>
            </param>
            <param index="11">
              <value>
                <![CDATA[54714]]>
              </value>
            </param>
            <param index="12">
              <value>
                <![CDATA[(376) 333-5274]]>
              </value>
            </param>
          </params>
          <reporter-output>
          </reporter-output>
        </test-method> <!-- addEmail -->
        <test-method signature="Click_signup_Button()[pri:4, instance:automation.testcases.SignupPageTest@3246fb96]" started-at="2023-05-11T20:10:54 AST" name="Click_signup_Button" finished-at="2023-05-11T20:11:04 AST" duration-ms="9786" status="PASS">
          <reporter-output>
          </reporter-output>
        </test-method> <!-- Click_signup_Button -->
      </class> <!-- automation.testcases.SignupPageTest -->
      <class name="automation.testcases.ConfirmLoggedaccountTest">
        <test-method signature="VerifyTextisvisable()[pri:1, instance:automation.testcases.ConfirmLoggedaccountTest@7671cb68]" started-at="2023-05-11T20:11:36 AST" name="VerifyTextisvisable" finished-at="2023-05-11T20:11:36 AST" duration-ms="59" status="PASS">
          <reporter-output>
          </reporter-output>
        </test-method> <!-- VerifyTextisvisable -->
        <test-method signature="Contiune()[pri:2, instance:automation.testcases.ConfirmLoggedaccountTest@7671cb68]" started-at="2023-05-11T20:11:36 AST" name="Contiune" finished-at="2023-05-11T20:11:38 AST" duration-ms="1094" status="PASS">
          <reporter-output>
          </reporter-output>
        </test-method> <!-- Contiune -->
      </class> <!-- automation.testcases.ConfirmLoggedaccountTest -->
      <class name="automation.testcases.AddressDetailsTest">
        <test-method signature="insertFirstname(java.lang.String, java.lang.String, java.lang.String, java.lang.String, java.lang.String, java.lang.String, java.lang.String, java.lang.String, java.lang.String, java.lang.String, java.lang.String, java.lang.String, java.lang.String)[pri:1, instance:automation.testcases.AddressDetailsTest@61386958]" started-at="2023-05-11T20:11:07 AST" name="insertFirstname" data-provider="Account" finished-at="2023-05-11T20:11:07 AST" duration-ms="82" status="PASS">
          <params>
            <param index="0">
              <value>
                <![CDATA[Zack]]>
              </value>
            </param>
            <param index="1">
              <value>
                <![CDATA[phyllis.moen@hotmail.com]]>
              </value>
            </param>
            <param index="2">
              <value>
                <![CDATA[mw234umm]]>
              </value>
            </param>
            <param index="3">
              <value>
                <![CDATA[Zack]]>
              </value>
            </param>
            <param index="4">
              <value>
                <![CDATA[Terry]]>
              </value>
            </param>
            <param index="5">
              <value>
                <![CDATA[Davis, Ratke and Hirthe]]>
              </value>
            </param>
            <param index="6">
              <value>
                <![CDATA[Hershel]]>
              </value>
            </param>
            <param index="7">
              <value>
                <![CDATA[Suite 065]]>
              </value>
            </param>
            <param index="8">
              <value>
                <![CDATA[Oslo]]>
              </value>
            </param>
            <param index="9">
              <value>
                <![CDATA[Indiana]]>
              </value>
            </param>
            <param index="10">
              <value>
                <![CDATA[Murrayberg]]>
              </value>
            </param>
            <param index="11">
              <value>
                <![CDATA[54714]]>
              </value>
            </param>
            <param index="12">
              <value>
                <![CDATA[(376) 333-5274]]>
              </value>
            </param>
          </params>
          <reporter-output>
          </reporter-output>
        </test-method> <!-- insertFirstname -->
        <test-method signature="insertLastname(java.lang.String, java.lang.String, java.lang.String, java.lang.String, java.lang.String, java.lang.String, java.lang.String, java.lang.String, java.lang.String, java.lang.String, java.lang.String, java.lang.String, java.lang.String)[pri:2, instance:automation.testcases.AddressDetailsTest@61386958]" started-at="2023-05-11T20:11:07 AST" name="insertLastname" data-provider="Account" finished-at="2023-05-11T20:11:07 AST" duration-ms="79" status="PASS">
          <params>
            <param index="0">
              <value>
                <![CDATA[Zack]]>
              </value>
            </param>
            <param index="1">
              <value>
                <![CDATA[phyllis.moen@hotmail.com]]>
              </value>
            </param>
            <param index="2">
              <value>
                <![CDATA[mw234umm]]>
              </value>
            </param>
            <param index="3">
              <value>
                <![CDATA[Zack]]>
              </value>
            </param>
            <param index="4">
              <value>
                <![CDATA[Terry]]>
              </value>
            </param>
            <param index="5">
              <value>
                <![CDATA[Davis, Ratke and Hirthe]]>
              </value>
            </param>
            <param index="6">
              <value>
                <![CDATA[Hershel]]>
              </value>
            </param>
            <param index="7">
              <value>
                <![CDATA[Suite 065]]>
              </value>
            </param>
            <param index="8">
              <value>
                <![CDATA[Oslo]]>
              </value>
            </param>
            <param index="9">
              <value>
                <![CDATA[Indiana]]>
              </value>
            </param>
            <param index="10">
              <value>
                <![CDATA[Murrayberg]]>
              </value>
            </param>
            <param index="11">
              <value>
                <![CDATA[54714]]>
              </value>
            </param>
            <param index="12">
              <value>
                <![CDATA[(376) 333-5274]]>
              </value>
            </param>
          </params>
          <reporter-output>
          </reporter-output>
        </test-method> <!-- insertLastname -->
        <test-method signature="insertCompany(java.lang.String, java.lang.String, java.lang.String, java.lang.String, java.lang.String, java.lang.String, java.lang.String, java.lang.String, java.lang.String, java.lang.String, java.lang.String, java.lang.String, java.lang.String)[pri:3, instance:automation.testcases.AddressDetailsTest@61386958]" started-at="2023-05-11T20:11:07 AST" name="insertCompany" data-provider="Account" finished-at="2023-05-11T20:11:07 AST" duration-ms="93" status="PASS">
          <params>
            <param index="0">
              <value>
                <![CDATA[Zack]]>
              </value>
            </param>
            <param index="1">
              <value>
                <![CDATA[phyllis.moen@hotmail.com]]>
              </value>
            </param>
            <param index="2">
              <value>
                <![CDATA[mw234umm]]>
              </value>
            </param>
            <param index="3">
              <value>
                <![CDATA[Zack]]>
              </value>
            </param>
            <param index="4">
              <value>
                <![CDATA[Terry]]>
              </value>
            </param>
            <param index="5">
              <value>
                <![CDATA[Davis, Ratke and Hirthe]]>
              </value>
            </param>
            <param index="6">
              <value>
                <![CDATA[Hershel]]>
              </value>
            </param>
            <param index="7">
              <value>
                <![CDATA[Suite 065]]>
              </value>
            </param>
            <param index="8">
              <value>
                <![CDATA[Oslo]]>
              </value>
            </param>
            <param index="9">
              <value>
                <![CDATA[Indiana]]>
              </value>
            </param>
            <param index="10">
              <value>
                <![CDATA[Murrayberg]]>
              </value>
            </param>
            <param index="11">
              <value>
                <![CDATA[54714]]>
              </value>
            </param>
            <param index="12">
              <value>
                <![CDATA[(376) 333-5274]]>
              </value>
            </param>
          </params>
          <reporter-output>
          </reporter-output>
        </test-method> <!-- insertCompany -->
        <test-method signature="insertprimaryAddress(java.lang.String, java.lang.String, java.lang.String, java.lang.String, java.lang.String, java.lang.String, java.lang.String, java.lang.String, java.lang.String, java.lang.String, java.lang.String, java.lang.String, java.lang.String)[pri:4, instance:automation.testcases.AddressDetailsTest@61386958]" started-at="2023-05-11T20:11:07 AST" name="insertprimaryAddress" data-provider="Account" finished-at="2023-05-11T20:11:07 AST" duration-ms="77" status="PASS">
          <params>
            <param index="0">
              <value>
                <![CDATA[Zack]]>
              </value>
            </param>
            <param index="1">
              <value>
                <![CDATA[phyllis.moen@hotmail.com]]>
              </value>
            </param>
            <param index="2">
              <value>
                <![CDATA[mw234umm]]>
              </value>
            </param>
            <param index="3">
              <value>
                <![CDATA[Zack]]>
              </value>
            </param>
            <param index="4">
              <value>
                <![CDATA[Terry]]>
              </value>
            </param>
            <param index="5">
              <value>
                <![CDATA[Davis, Ratke and Hirthe]]>
              </value>
            </param>
            <param index="6">
              <value>
                <![CDATA[Hershel]]>
              </value>
            </param>
            <param index="7">
              <value>
                <![CDATA[Suite 065]]>
              </value>
            </param>
            <param index="8">
              <value>
                <![CDATA[Oslo]]>
              </value>
            </param>
            <param index="9">
              <value>
                <![CDATA[Indiana]]>
              </value>
            </param>
            <param index="10">
              <value>
                <![CDATA[Murrayberg]]>
              </value>
            </param>
            <param index="11">
              <value>
                <![CDATA[54714]]>
              </value>
            </param>
            <param index="12">
              <value>
                <![CDATA[(376) 333-5274]]>
              </value>
            </param>
          </params>
          <reporter-output>
          </reporter-output>
        </test-method> <!-- insertprimaryAddress -->
        <test-method signature="insertSecondaryAddress(java.lang.String, java.lang.String, java.lang.String, java.lang.String, java.lang.String, java.lang.String, java.lang.String, java.lang.String, java.lang.String, java.lang.String, java.lang.String, java.lang.String, java.lang.String)[pri:5, instance:automation.testcases.AddressDetailsTest@61386958]" started-at="2023-05-11T20:11:07 AST" name="insertSecondaryAddress" data-provider="Account" finished-at="2023-05-11T20:11:08 AST" duration-ms="89" status="PASS">
          <params>
            <param index="0">
              <value>
                <![CDATA[Zack]]>
              </value>
            </param>
            <param index="1">
              <value>
                <![CDATA[phyllis.moen@hotmail.com]]>
              </value>
            </param>
            <param index="2">
              <value>
                <![CDATA[mw234umm]]>
              </value>
            </param>
            <param index="3">
              <value>
                <![CDATA[Zack]]>
              </value>
            </param>
            <param index="4">
              <value>
                <![CDATA[Terry]]>
              </value>
            </param>
            <param index="5">
              <value>
                <![CDATA[Davis, Ratke and Hirthe]]>
              </value>
            </param>
            <param index="6">
              <value>
                <![CDATA[Hershel]]>
              </value>
            </param>
            <param index="7">
              <value>
                <![CDATA[Suite 065]]>
              </value>
            </param>
            <param index="8">
              <value>
                <![CDATA[Oslo]]>
              </value>
            </param>
            <param index="9">
              <value>
                <![CDATA[Indiana]]>
              </value>
            </param>
            <param index="10">
              <value>
                <![CDATA[Murrayberg]]>
              </value>
            </param>
            <param index="11">
              <value>
                <![CDATA[54714]]>
              </value>
            </param>
            <param index="12">
              <value>
                <![CDATA[(376) 333-5274]]>
              </value>
            </param>
          </params>
          <reporter-output>
          </reporter-output>
        </test-method> <!-- insertSecondaryAddress -->
        <test-method signature="insertCounrty(java.lang.String, java.lang.String, java.lang.String, java.lang.String, java.lang.String, java.lang.String, java.lang.String, java.lang.String, java.lang.String, java.lang.String, java.lang.String, java.lang.String, java.lang.String)[pri:6, instance:automation.testcases.AddressDetailsTest@61386958]" started-at="2023-05-11T20:11:08 AST" name="insertCounrty" data-provider="Account" finished-at="2023-05-11T20:11:08 AST" duration-ms="39" status="PASS">
          <params>
            <param index="0">
              <value>
                <![CDATA[Zack]]>
              </value>
            </param>
            <param index="1">
              <value>
                <![CDATA[phyllis.moen@hotmail.com]]>
              </value>
            </param>
            <param index="2">
              <value>
                <![CDATA[mw234umm]]>
              </value>
            </param>
            <param index="3">
              <value>
                <![CDATA[Zack]]>
              </value>
            </param>
            <param index="4">
              <value>
                <![CDATA[Terry]]>
              </value>
            </param>
            <param index="5">
              <value>
                <![CDATA[Davis, Ratke and Hirthe]]>
              </value>
            </param>
            <param index="6">
              <value>
                <![CDATA[Hershel]]>
              </value>
            </param>
            <param index="7">
              <value>
                <![CDATA[Suite 065]]>
              </value>
            </param>
            <param index="8">
              <value>
                <![CDATA[Oslo]]>
              </value>
            </param>
            <param index="9">
              <value>
                <![CDATA[Indiana]]>
              </value>
            </param>
            <param index="10">
              <value>
                <![CDATA[Murrayberg]]>
              </value>
            </param>
            <param index="11">
              <value>
                <![CDATA[54714]]>
              </value>
            </param>
            <param index="12">
              <value>
                <![CDATA[(376) 333-5274]]>
              </value>
            </param>
          </params>
          <reporter-output>
          </reporter-output>
        </test-method> <!-- insertCounrty -->
        <test-method signature="insertState(java.lang.String, java.lang.String, java.lang.String, java.lang.String, java.lang.String, java.lang.String, java.lang.String, java.lang.String, java.lang.String, java.lang.String, java.lang.String, java.lang.String, java.lang.String)[pri:7, instance:automation.testcases.AddressDetailsTest@61386958]" started-at="2023-05-11T20:11:08 AST" name="insertState" data-provider="Account" finished-at="2023-05-11T20:11:08 AST" duration-ms="85" status="PASS">
          <params>
            <param index="0">
              <value>
                <![CDATA[Zack]]>
              </value>
            </param>
            <param index="1">
              <value>
                <![CDATA[phyllis.moen@hotmail.com]]>
              </value>
            </param>
            <param index="2">
              <value>
                <![CDATA[mw234umm]]>
              </value>
            </param>
            <param index="3">
              <value>
                <![CDATA[Zack]]>
              </value>
            </param>
            <param index="4">
              <value>
                <![CDATA[Terry]]>
              </value>
            </param>
            <param index="5">
              <value>
                <![CDATA[Davis, Ratke and Hirthe]]>
              </value>
            </param>
            <param index="6">
              <value>
                <![CDATA[Hershel]]>
              </value>
            </param>
            <param index="7">
              <value>
                <![CDATA[Suite 065]]>
              </value>
            </param>
            <param index="8">
              <value>
                <![CDATA[Oslo]]>
              </value>
            </param>
            <param index="9">
              <value>
                <![CDATA[Indiana]]>
              </value>
            </param>
            <param index="10">
              <value>
                <![CDATA[Murrayberg]]>
              </value>
            </param>
            <param index="11">
              <value>
                <![CDATA[54714]]>
              </value>
            </param>
            <param index="12">
              <value>
                <![CDATA[(376) 333-5274]]>
              </value>
            </param>
          </params>
          <reporter-output>
          </reporter-output>
        </test-method> <!-- insertState -->
        <test-method signature="insertCity(java.lang.String, java.lang.String, java.lang.String, java.lang.String, java.lang.String, java.lang.String, java.lang.String, java.lang.String, java.lang.String, java.lang.String, java.lang.String, java.lang.String, java.lang.String)[pri:8, instance:automation.testcases.AddressDetailsTest@61386958]" started-at="2023-05-11T20:11:08 AST" name="insertCity" data-provider="Account" finished-at="2023-05-11T20:11:08 AST" duration-ms="89" status="PASS">
          <params>
            <param index="0">
              <value>
                <![CDATA[Zack]]>
              </value>
            </param>
            <param index="1">
              <value>
                <![CDATA[phyllis.moen@hotmail.com]]>
              </value>
            </param>
            <param index="2">
              <value>
                <![CDATA[mw234umm]]>
              </value>
            </param>
            <param index="3">
              <value>
                <![CDATA[Zack]]>
              </value>
            </param>
            <param index="4">
              <value>
                <![CDATA[Terry]]>
              </value>
            </param>
            <param index="5">
              <value>
                <![CDATA[Davis, Ratke and Hirthe]]>
              </value>
            </param>
            <param index="6">
              <value>
                <![CDATA[Hershel]]>
              </value>
            </param>
            <param index="7">
              <value>
                <![CDATA[Suite 065]]>
              </value>
            </param>
            <param index="8">
              <value>
                <![CDATA[Oslo]]>
              </value>
            </param>
            <param index="9">
              <value>
                <![CDATA[Indiana]]>
              </value>
            </param>
            <param index="10">
              <value>
                <![CDATA[Murrayberg]]>
              </value>
            </param>
            <param index="11">
              <value>
                <![CDATA[54714]]>
              </value>
            </param>
            <param index="12">
              <value>
                <![CDATA[(376) 333-5274]]>
              </value>
            </param>
          </params>
          <reporter-output>
          </reporter-output>
        </test-method> <!-- insertCity -->
        <test-method signature="insertZipcode(java.lang.String, java.lang.String, java.lang.String, java.lang.String, java.lang.String, java.lang.String, java.lang.String, java.lang.String, java.lang.String, java.lang.String, java.lang.String, java.lang.String, java.lang.String)[pri:9, instance:automation.testcases.AddressDetailsTest@61386958]" started-at="2023-05-11T20:11:08 AST" name="insertZipcode" data-provider="Account" finished-at="2023-05-11T20:11:08 AST" duration-ms="85" status="PASS">
          <params>
            <param index="0">
              <value>
                <![CDATA[Zack]]>
              </value>
            </param>
            <param index="1">
              <value>
                <![CDATA[phyllis.moen@hotmail.com]]>
              </value>
            </param>
            <param index="2">
              <value>
                <![CDATA[mw234umm]]>
              </value>
            </param>
            <param index="3">
              <value>
                <![CDATA[Zack]]>
              </value>
            </param>
            <param index="4">
              <value>
                <![CDATA[Terry]]>
              </value>
            </param>
            <param index="5">
              <value>
                <![CDATA[Davis, Ratke and Hirthe]]>
              </value>
            </param>
            <param index="6">
              <value>
                <![CDATA[Hershel]]>
              </value>
            </param>
            <param index="7">
              <value>
                <![CDATA[Suite 065]]>
              </value>
            </param>
            <param index="8">
              <value>
                <![CDATA[Oslo]]>
              </value>
            </param>
            <param index="9">
              <value>
                <![CDATA[Indiana]]>
              </value>
            </param>
            <param index="10">
              <value>
                <![CDATA[Murrayberg]]>
              </value>
            </param>
            <param index="11">
              <value>
                <![CDATA[54714]]>
              </value>
            </param>
            <param index="12">
              <value>
                <![CDATA[(376) 333-5274]]>
              </value>
            </param>
          </params>
          <reporter-output>
          </reporter-output>
        </test-method> <!-- insertZipcode -->
        <test-method signature="insertMobile_Number(java.lang.String, java.lang.String, java.lang.String, java.lang.String, java.lang.String, java.lang.String, java.lang.String, java.lang.String, java.lang.String, java.lang.String, java.lang.String, java.lang.String, java.lang.String)[pri:10, instance:automation.testcases.AddressDetailsTest@61386958]" started-at="2023-05-11T20:11:09 AST" name="insertMobile_Number" data-provider="Account" finished-at="2023-05-11T20:11:09 AST" duration-ms="83" status="PASS">
          <params>
            <param index="0">
              <value>
                <![CDATA[Zack]]>
              </value>
            </param>
            <param index="1">
              <value>
                <![CDATA[phyllis.moen@hotmail.com]]>
              </value>
            </param>
            <param index="2">
              <value>
                <![CDATA[mw234umm]]>
              </value>
            </param>
            <param index="3">
              <value>
                <![CDATA[Zack]]>
              </value>
            </param>
            <param index="4">
              <value>
                <![CDATA[Terry]]>
              </value>
            </param>
            <param index="5">
              <value>
                <![CDATA[Davis, Ratke and Hirthe]]>
              </value>
            </param>
            <param index="6">
              <value>
                <![CDATA[Hershel]]>
              </value>
            </param>
            <param index="7">
              <value>
                <![CDATA[Suite 065]]>
              </value>
            </param>
            <param index="8">
              <value>
                <![CDATA[Oslo]]>
              </value>
            </param>
            <param index="9">
              <value>
                <![CDATA[Indiana]]>
              </value>
            </param>
            <param index="10">
              <value>
                <![CDATA[Murrayberg]]>
              </value>
            </param>
            <param index="11">
              <value>
                <![CDATA[54714]]>
              </value>
            </param>
            <param index="12">
              <value>
                <![CDATA[(376) 333-5274]]>
              </value>
            </param>
          </params>
          <reporter-output>
          </reporter-output>
        </test-method> <!-- insertMobile_Number -->
        <test-method signature="CreateAccount()[pri:11, instance:automation.testcases.AddressDetailsTest@61386958]" started-at="2023-05-11T20:11:09 AST" name="CreateAccount" finished-at="2023-05-11T20:11:20 AST" duration-ms="11612" status="PASS">
          <reporter-output>
          </reporter-output>
        </test-method> <!-- CreateAccount -->
      </class> <!-- automation.testcases.AddressDetailsTest -->
      <class name="automation.testcases.RegisterTest">
        <test-method signature="validateTextisDisplayed()[pri:1, instance:automation.testcases.RegisterTest@2e222612]" started-at="2023-05-11T20:11:04 AST" name="validateTextisDisplayed" finished-at="2023-05-11T20:11:04 AST" duration-ms="63" status="PASS">
          <reporter-output>
          </reporter-output>
        </test-method> <!-- validateTextisDisplayed -->
        <test-method signature="selectTitle()[pri:2, instance:automation.testcases.RegisterTest@2e222612]" started-at="2023-05-11T20:11:04 AST" name="selectTitle" finished-at="2023-05-11T20:11:05 AST" duration-ms="128" status="PASS">
          <reporter-output>
          </reporter-output>
        </test-method> <!-- selectTitle -->
        <test-method signature="insertpassword(java.lang.String, java.lang.String, java.lang.String, java.lang.String, java.lang.String, java.lang.String, java.lang.String, java.lang.String, java.lang.String, java.lang.String, java.lang.String, java.lang.String, java.lang.String)[pri:3, instance:automation.testcases.RegisterTest@2e222612]" started-at="2023-05-11T20:11:05 AST" name="insertpassword" data-provider="Account" finished-at="2023-05-11T20:11:05 AST" duration-ms="99" status="PASS">
          <params>
            <param index="0">
              <value>
                <![CDATA[Zack]]>
              </value>
            </param>
            <param index="1">
              <value>
                <![CDATA[phyllis.moen@hotmail.com]]>
              </value>
            </param>
            <param index="2">
              <value>
                <![CDATA[mw234umm]]>
              </value>
            </param>
            <param index="3">
              <value>
                <![CDATA[Zack]]>
              </value>
            </param>
            <param index="4">
              <value>
                <![CDATA[Terry]]>
              </value>
            </param>
            <param index="5">
              <value>
                <![CDATA[Davis, Ratke and Hirthe]]>
              </value>
            </param>
            <param index="6">
              <value>
                <![CDATA[Hershel]]>
              </value>
            </param>
            <param index="7">
              <value>
                <![CDATA[Suite 065]]>
              </value>
            </param>
            <param index="8">
              <value>
                <![CDATA[Oslo]]>
              </value>
            </param>
            <param index="9">
              <value>
                <![CDATA[Indiana]]>
              </value>
            </param>
            <param index="10">
              <value>
                <![CDATA[Murrayberg]]>
              </value>
            </param>
            <param index="11">
              <value>
                <![CDATA[54714]]>
              </value>
            </param>
            <param index="12">
              <value>
                <![CDATA[(376) 333-5274]]>
              </value>
            </param>
          </params>
          <reporter-output>
          </reporter-output>
        </test-method> <!-- insertpassword -->
        <test-method signature="selectDay()[pri:4, instance:automation.testcases.RegisterTest@2e222612]" started-at="2023-05-11T20:11:05 AST" name="selectDay" finished-at="2023-05-11T20:11:05 AST" duration-ms="68" status="PASS">
          <reporter-output>
          </reporter-output>
        </test-method> <!-- selectDay -->
        <test-method signature="selectMonth()[pri:5, instance:automation.testcases.RegisterTest@2e222612]" started-at="2023-05-11T20:11:05 AST" name="selectMonth" finished-at="2023-05-11T20:11:05 AST" duration-ms="83" status="PASS">
          <reporter-output>
          </reporter-output>
        </test-method> <!-- selectMonth -->
        <test-method signature="selectYear()[pri:6, instance:automation.testcases.RegisterTest@2e222612]" started-at="2023-05-11T20:11:06 AST" name="selectYear" finished-at="2023-05-11T20:11:06 AST" duration-ms="103" status="PASS">
          <reporter-output>
          </reporter-output>
        </test-method> <!-- selectYear -->
        <test-method signature="checkNewsletter()[pri:7, instance:automation.testcases.RegisterTest@2e222612]" started-at="2023-05-11T20:11:06 AST" name="checkNewsletter" finished-at="2023-05-11T20:11:06 AST" duration-ms="154" status="PASS">
          <reporter-output>
          </reporter-output>
        </test-method> <!-- checkNewsletter -->
        <test-method signature="checkOptin()[pri:8, instance:automation.testcases.RegisterTest@2e222612]" started-at="2023-05-11T20:11:06 AST" name="checkOptin" finished-at="2023-05-11T20:11:06 AST" duration-ms="145" status="PASS">
          <reporter-output>
          </reporter-output>
        </test-method> <!-- checkOptin -->
        <test-method signature="scrollAction()[pri:9, instance:automation.testcases.RegisterTest@2e222612]" started-at="2023-05-11T20:11:06 AST" name="scrollAction" finished-at="2023-05-11T20:11:06 AST" duration-ms="12" status="PASS">
          <reporter-output>
          </reporter-output>
        </test-method> <!-- scrollAction -->
      </class> <!-- automation.testcases.RegisterTest -->
    </test> <!-- Test -->
  </suite> <!-- Suite -->
</testng-results>
